build/outputs/logs/manifest-merger-debug-report.txt
-- Merging decision tree log ---
manifest
ADDED from workspace_neon\Ondefoimesmo\AndroidManifest.xml:2:1-37:12
	package
		ADDED from workspace_neon\Ondefoimesmo\AndroidManifest.xml:3:2-27
	android:versionName
		ADDED from workspace_neon\Ondefoimesmo\AndroidManifest.xml:3:52-77
		INJECTED from workspace_neon\Ondefoimesmo\AndroidManifest.xml
		INJECTED from workspace_neon\Ondefoimesmo\AndroidManifest.xml
	android:versionCode
		ADDED from workspace_neon\Ondefoimesmo\AndroidManifest.xml:3:28-51
		INJECTED from workspace_neon\Ondefoimesmo\AndroidManifest.xml
		INJECTED from workspace_neon\Ondefoimesmo\AndroidManifest.xml
	xmlns:android
		ADDED from workspace_neon\Ondefoimesmo\AndroidManifest.xml:2:11-69
uses-permission#android.permission.INTERNET
ADDED from workspace_neon\Ondefoimesmo\AndroidManifest.xml:5:2-64
MERGED from [com.firebaseui:firebase-ui-database:0.4.3] AndroidManifest.xml:11:5-67
MERGED from [com.google.android.gms:play-services-ads-lite:9.2.1] AndroidManifest.xml:20:5-66
MERGED from [com.google.android.gms:play-services-analytics:9.2.1] AndroidManifest.xml:21:5-67
MERGED from [com.google.android.gms:play-services-appinvite:9.2.1] AndroidManifest.xml:19:5-67
MERGED from [com.google.firebase:firebase-crash:9.2.1] AndroidManifest.xml:20:5-66
MERGED from [com.google.android.gms:play-services-gcm:9.2.1] AndroidManifest.xml:22:5-67
MERGED from [com.google.android.gms:play-services-iid:9.2.1] AndroidManifest.xml:22:5-67
MERGED from [com.google.android.gms:play-services-analytics-impl:9.2.1] AndroidManifest.xml:21:5-67
MERGED from [com.google.android.gms:play-services-tagmanager-api:9.2.1] AndroidManifest.xml:21:5-67
MERGED from [com.google.android.gms:play-services-maps:9.2.1] AndroidManifest.xml:21:5-66
MERGED from [com.google.firebase:firebase-analytics:9.2.1] AndroidManifest.xml:21:5-67
MERGED from [com.google.firebase:firebase-analytics-impl:9.2.1] AndroidManifest.xml:21:5-67
MERGED from [com.google.firebase:firebase-iid:9.2.1] AndroidManifest.xml:21:5-67
	android:name
		ADDED from workspace_neon\Ondefoimesmo\AndroidManifest.xml:5:19-61
uses-permission#android.permission.ACCESS_NETWORK_STATE
ADDED from workspace_neon\Ondefoimesmo\AndroidManifest.xml:6:2-76
MERGED from [com.google.android.gms:play-services-ads-lite:9.2.1] AndroidManifest.xml:21:5-78
MERGED from [com.google.android.gms:play-services-analytics:9.2.1] AndroidManifest.xml:22:5-79
MERGED from [com.google.android.gms:play-services-nearby:9.2.1] AndroidManifest.xml:5:5-79
MERGED from [com.google.android.gms:play-services-analytics-impl:9.2.1] AndroidManifest.xml:22:5-79
MERGED from [com.google.android.gms:play-services-tagmanager-api:9.2.1] AndroidManifest.xml:22:5-79
MERGED from [com.google.android.gms:play-services-maps:9.2.1] AndroidManifest.xml:20:5-78
MERGED from [com.google.firebase:firebase-analytics:9.2.1] AndroidManifest.xml:22:5-79
MERGED from [com.google.firebase:firebase-analytics-impl:9.2.1] AndroidManifest.xml:22:5-79
MERGED from [com.google.firebase:firebase-iid:9.2.1] AndroidManifest.xml:20:5-79
	android:name
		ADDED from workspace_neon\Ondefoimesmo\AndroidManifest.xml:6:19-73
uses-permission#android.permission.ACCESS_COARSE_LOCATION
ADDED from workspace_neon\Ondefoimesmo\AndroidManifest.xml:7:2-77
	android:name
		ADDED from workspace_neon\Ondefoimesmo\AndroidManifest.xml:7:19-75
uses-permission#android.permission.ACCESS_FINE_LOCATION
ADDED from workspace_neon\Ondefoimesmo\AndroidManifest.xml:8:2-75
	android:name
		ADDED from workspace_neon\Ondefoimesmo\AndroidManifest.xml:8:19-73
uses-permission#android.permission.CAMERA
ADDED from workspace_neon\Ondefoimesmo\AndroidManifest.xml:9:2-62
	android:name
		ADDED from workspace_neon\Ondefoimesmo\AndroidManifest.xml:9:19-59
uses-permission#android.permission.WRITE_EXTERNAL_STORAGE
ADDED from workspace_neon\Ondefoimesmo\AndroidManifest.xml:10:5-81
	android:name
		ADDED from workspace_neon\Ondefoimesmo\AndroidManifest.xml:10:22-78
uses-feature#android.hardware.camera
ADDED from workspace_neon\Ondefoimesmo\AndroidManifest.xml:11:5-60
	android:name
		ADDED from workspace_neon\Ondefoimesmo\AndroidManifest.xml:11:19-57
uses-sdk
ADDED from workspace_neon\Ondefoimesmo\AndroidManifest.xml:13:2-14:34
MERGED from [com.android.support:design:23.4.0] AndroidManifest.xml:20:5-43
MERGED from [com.firebaseui:firebase-ui-database:0.4.3] AndroidManifest.xml:7:5-9:41
MERGED from [com.android.support:recyclerview-v7:24.0.0] AndroidManifest.xml:20:5-43
MERGED from [com.firebaseui:firebase-ui-storage:0.6.0] AndroidManifest.xml:7:5-9:41
MERGED from [com.android.support:palette-v7:23.4.0] AndroidManifest.xml:20:5-43
MERGED from [com.google.android.gms:play-services:9.2.1] AndroidManifest.xml:4:5-42
MERGED from [com.google.android.gms:play-services-ads:9.2.1] AndroidManifest.xml:19:5-42
MERGED from [com.google.android.gms:play-services-ads-lite:9.2.1] AndroidManifest.xml:23:5-42
MERGED from [com.google.android.gms:play-services-analytics:9.2.1] AndroidManifest.xml:18:5-42
MERGED from [com.google.android.gms:play-services-appinvite:9.2.1] AndroidManifest.xml:18:5-42
MERGED from [com.google.android.gms:play-services-cast-framework:9.2.1] AndroidManifest.xml:4:5-42
MERGED from [com.google.android.gms:play-services-cast:9.2.1] AndroidManifest.xml:18:5-42
MERGED from [com.android.support:mediarouter-v7:23.0.0] AndroidManifest.xml:20:5-43
MERGED from [com.android.support:appcompat-v7:24.0.0] AndroidManifest.xml:21:5-23:78
MERGED from [com.android.support:animated-vector-drawable:24.0.0] AndroidManifest.xml:20:5-44
MERGED from [com.android.support:support-vector-drawable:24.0.0] AndroidManifest.xml:21:5-43
MERGED from [com.google.android.gms:play-services-clearcut:9.2.1] AndroidManifest.xml:18:5-42
MERGED from [com.google.firebase:firebase-config:9.2.1] AndroidManifest.xml:18:5-42
MERGED from [com.google.android.gms:play-services-contextmanager:9.2.1] AndroidManifest.xml:18:5-42
MERGED from [com.google.firebase:firebase-crash:9.2.1] AndroidManifest.xml:22:5-42
MERGED from [com.google.firebase:firebase-auth:9.2.1] AndroidManifest.xml:18:5-43
MERGED from [com.google.firebase:firebase-auth-common:9.2.1] AndroidManifest.xml:18:5-43
MERGED from [com.google.firebase:firebase-auth-module:9.2.1] AndroidManifest.xml:4:5-43
MERGED from [com.google.firebase:firebase-database:9.2.1] AndroidManifest.xml:5:5-43
MERGED from [com.google.firebase:firebase-database-connection:9.2.1] AndroidManifest.xml:5:5-43
MERGED from [com.google.firebase:firebase-messaging:9.2.1] AndroidManifest.xml:18:5-42
MERGED from [com.google.firebase:firebase-storage:9.6.0] AndroidManifest.xml:3:5-42
MERGED from [com.google.firebase:firebase-storage-common:9.6.0] AndroidManifest.xml:3:5-42
MERGED from [com.google.android.gms:play-services-fitness:9.2.1] AndroidManifest.xml:18:5-42
MERGED from [com.google.android.gms:play-services-games:9.2.1] AndroidManifest.xml:18:5-42
MERGED from [com.google.android.gms:play-services-drive:9.2.1] AndroidManifest.xml:18:5-42
MERGED from [com.google.android.gms:play-services-gass:9.2.1] AndroidManifest.xml:18:5-42
MERGED from [com.google.android.gms:play-services-gcm:9.2.1] AndroidManifest.xml:18:5-42
MERGED from [com.google.android.gms:play-services-appindexing:9.2.1] AndroidManifest.xml:18:5-42
MERGED from [com.google.android.gms:play-services-iid:9.2.1] AndroidManifest.xml:18:5-42
MERGED from [com.google.android.gms:play-services-location:9.2.1] AndroidManifest.xml:18:5-42
MERGED from [com.google.android.gms:play-services-nearby:9.2.1] AndroidManifest.xml:4:5-42
MERGED from [com.google.android.gms:play-services-panorama:9.2.1] AndroidManifest.xml:18:5-42
MERGED from [com.google.android.gms:play-services-places:9.2.1] AndroidManifest.xml:18:5-42
MERGED from [com.google.android.gms:play-services-plus:9.2.1] AndroidManifest.xml:18:5-42
MERGED from [com.google.android.gms:play-services-safetynet:9.2.1] AndroidManifest.xml:18:5-42
MERGED from [com.google.android.gms:play-services-tagmanager:9.2.1] AndroidManifest.xml:18:5-42
MERGED from [com.google.android.gms:play-services-analytics-impl:9.2.1] AndroidManifest.xml:18:5-42
MERGED from [com.google.android.gms:play-services-tagmanager-api:9.2.1] AndroidManifest.xml:18:5-42
MERGED from [com.google.android.gms:play-services-vision:9.2.1] AndroidManifest.xml:4:5-42
MERGED from [com.google.android.gms:play-services-wallet:9.2.1] AndroidManifest.xml:19:5-42
MERGED from [com.google.android.gms:play-services-identity:9.2.1] AndroidManifest.xml:18:5-42
MERGED from [com.google.android.gms:play-services-maps:9.2.1] AndroidManifest.xml:26:5-42
MERGED from [com.google.android.gms:play-services-wearable:9.2.1] AndroidManifest.xml:18:5-42
MERGED from [com.google.android.gms:play-services-auth:9.2.1] AndroidManifest.xml:18:5-43
MERGED from [com.google.android.gms:play-services-auth-base:9.2.1] AndroidManifest.xml:5:5-43
MERGED from [com.google.android.gms:play-services-base:9.2.1] AndroidManifest.xml:18:5-42
MERGED from [com.google.firebase:firebase-core:9.2.1] AndroidManifest.xml:4:5-42
MERGED from [com.google.firebase:firebase-analytics:9.2.1] AndroidManifest.xml:18:5-42
MERGED from [com.google.firebase:firebase-analytics-impl:9.2.1] AndroidManifest.xml:18:5-42
MERGED from [com.google.firebase:firebase-iid:9.2.1] AndroidManifest.xml:18:5-42
MERGED from [com.google.firebase:firebase-common:9.6.0] AndroidManifest.xml:3:5-42
MERGED from [com.google.android.gms:play-services-tasks:9.6.0] AndroidManifest.xml:3:5-42
MERGED from [com.google.android.gms:play-services-basement:9.6.0] AndroidManifest.xml:17:5-42
MERGED from [com.android.support:support-v4:24.0.0] AndroidManifest.xml:21:5-23:54
	tools:overrideLibrary
		ADDED from [com.android.support:appcompat-v7:24.0.0] AndroidManifest.xml:23:9-75
	android:targetSdkVersion
		ADDED from workspace_neon\Ondefoimesmo\AndroidManifest.xml:14:2-31
	android:minSdkVersion
		ADDED from workspace_neon\Ondefoimesmo\AndroidManifest.xml:13:12-38
application
ADDED from workspace_neon\Ondefoimesmo\AndroidManifest.xml:16:2-36:16
MERGED from [com.android.support:design:23.4.0] AndroidManifest.xml:22:5-20
MERGED from [com.android.support:palette-v7:23.4.0] AndroidManifest.xml:22:5-23:19
MERGED from [com.google.android.gms:play-services:9.2.1] AndroidManifest.xml:5:5-20
MERGED from [com.google.android.gms:play-services-ads-lite:9.2.1] AndroidManifest.xml:24:5-32:19
MERGED from [com.google.android.gms:play-services-analytics:9.2.1] AndroidManifest.xml:27:5-20
MERGED from [com.google.android.gms:play-services-appinvite:9.2.1] AndroidManifest.xml:20:5-30:19
MERGED from [com.google.android.gms:play-services-cast-framework:9.2.1] AndroidManifest.xml:5:5-9:19
MERGED from [com.google.android.gms:play-services-cast:9.2.1] AndroidManifest.xml:19:5-20
MERGED from [com.android.support:mediarouter-v7:23.0.0] AndroidManifest.xml:22:5-20
MERGED from [com.android.support:appcompat-v7:24.0.0] AndroidManifest.xml:25:5-20
MERGED from [com.android.support:animated-vector-drawable:24.0.0] AndroidManifest.xml:22:5-20
MERGED from [com.android.support:support-vector-drawable:24.0.0] AndroidManifest.xml:23:5-20
MERGED from [com.google.android.gms:play-services-clearcut:9.2.1] AndroidManifest.xml:19:5-20
MERGED from [com.google.firebase:firebase-config:9.2.1] AndroidManifest.xml:19:5-20
MERGED from [com.google.android.gms:play-services-contextmanager:9.2.1] AndroidManifest.xml:19:5-20
MERGED from [com.google.firebase:firebase-crash:9.2.1] AndroidManifest.xml:24:5-32:19
MERGED from [com.google.firebase:firebase-auth:9.2.1] AndroidManifest.xml:20:5-21:19
MERGED from [com.google.firebase:firebase-auth-common:9.2.1] AndroidManifest.xml:20:5-21:19
MERGED from [com.google.firebase:firebase-messaging:9.2.1] AndroidManifest.xml:20:5-32:19
MERGED from [com.google.android.gms:play-services-fitness:9.2.1] AndroidManifest.xml:19:5-20
MERGED from [com.google.android.gms:play-services-games:9.2.1] AndroidManifest.xml:19:5-20
MERGED from [com.google.android.gms:play-services-drive:9.2.1] AndroidManifest.xml:19:5-20
MERGED from [com.google.android.gms:play-services-gass:9.2.1] AndroidManifest.xml:19:5-20
MERGED from [com.google.android.gms:play-services-gcm:9.2.1] AndroidManifest.xml:24:5-20
MERGED from [com.google.android.gms:play-services-appindexing:9.2.1] AndroidManifest.xml:19:5-20
MERGED from [com.google.android.gms:play-services-iid:9.2.1] AndroidManifest.xml:24:5-20
MERGED from [com.google.android.gms:play-services-location:9.2.1] AndroidManifest.xml:19:5-20
MERGED from [com.google.android.gms:play-services-nearby:9.2.1] AndroidManifest.xml:6:5-20
MERGED from [com.google.android.gms:play-services-panorama:9.2.1] AndroidManifest.xml:19:5-20
MERGED from [com.google.android.gms:play-services-places:9.2.1] AndroidManifest.xml:19:5-20
MERGED from [com.google.android.gms:play-services-plus:9.2.1] AndroidManifest.xml:19:5-20
MERGED from [com.google.android.gms:play-services-safetynet:9.2.1] AndroidManifest.xml:19:5-20
MERGED from [com.google.android.gms:play-services-analytics-impl:9.2.1] AndroidManifest.xml:27:5-20
MERGED from [com.google.android.gms:play-services-tagmanager-api:9.2.1] AndroidManifest.xml:24:5-38:19
MERGED from [com.google.android.gms:play-services-vision:9.2.1] AndroidManifest.xml:5:5-20
MERGED from [com.google.android.gms:play-services-identity:9.2.1] AndroidManifest.xml:19:5-20
MERGED from [com.google.android.gms:play-services-maps:9.2.1] AndroidManifest.xml:27:5-20
MERGED from [com.google.android.gms:play-services-wearable:9.2.1] AndroidManifest.xml:19:5-20
MERGED from [com.google.android.gms:play-services-auth:9.2.1] AndroidManifest.xml:20:5-32:19
MERGED from [com.google.android.gms:play-services-base:9.2.1] AndroidManifest.xml:19:5-23:19
MERGED from [com.google.firebase:firebase-core:9.2.1] AndroidManifest.xml:5:5-20
MERGED from [com.google.firebase:firebase-analytics:9.2.1] AndroidManifest.xml:26:5-41:19
MERGED from [com.google.firebase:firebase-analytics-impl:9.2.1] AndroidManifest.xml:26:5-41:19
MERGED from [com.google.firebase:firebase-iid:9.2.1] AndroidManifest.xml:30:5-59:19
MERGED from [com.google.firebase:firebase-common:9.6.0] AndroidManifest.xml:4:5-7:19
MERGED from [com.google.android.gms:play-services-tasks:9.6.0] AndroidManifest.xml:4:5-19
MERGED from [com.google.android.gms:play-services-basement:9.6.0] AndroidManifest.xml:19:5-21:19
MERGED from [com.android.support:support-v4:24.0.0] AndroidManifest.xml:25:5-20
	android:label
		ADDED from workspace_neon\Ondefoimesmo\AndroidManifest.xml:16:44-76
	android:allowBackup
		ADDED from workspace_neon\Ondefoimesmo\AndroidManifest.xml:16:77-103
	android:icon
		ADDED from workspace_neon\Ondefoimesmo\AndroidManifest.xml:16:15-43
	android:theme
		ADDED from workspace_neon\Ondefoimesmo\AndroidManifest.xml:16:104-135
meta-data#com.google.android.gms.version
ADDED from workspace_neon\Ondefoimesmo\AndroidManifest.xml:18:3-19:69
MERGED from [com.google.android.gms:play-services-basement:9.6.0] AndroidManifest.xml:20:9-121
	android:value
		ADDED from workspace_neon\Ondefoimesmo\AndroidManifest.xml:19:13-66
	android:name
		ADDED from workspace_neon\Ondefoimesmo\AndroidManifest.xml:18:14-59
meta-data#com.google.android.geo.API_KEY
ADDED from workspace_neon\Ondefoimesmo\AndroidManifest.xml:20:2-22:46
	android:value
		ADDED from workspace_neon\Ondefoimesmo\AndroidManifest.xml:22:4-43
	android:name
		ADDED from workspace_neon\Ondefoimesmo\AndroidManifest.xml:21:4-49
activity#telas.Authentication
ADDED from workspace_neon\Ondefoimesmo\AndroidManifest.xml:23:3-28:14
	android:label
		ADDED from workspace_neon\Ondefoimesmo\AndroidManifest.xml:23:49-81
	android:name
		ADDED from workspace_neon\Ondefoimesmo\AndroidManifest.xml:23:13-48
intent-filter#android.intent.action.MAIN+android.intent.category.LAUNCHER
ADDED from workspace_neon\Ondefoimesmo\AndroidManifest.xml:24:4-27:20
action#android.intent.action.MAIN
ADDED from workspace_neon\Ondefoimesmo\AndroidManifest.xml:25:5-57
	android:name
		ADDED from workspace_neon\Ondefoimesmo\AndroidManifest.xml:25:13-54
category#android.intent.category.LAUNCHER
ADDED from workspace_neon\Ondefoimesmo\AndroidManifest.xml:26:5-65
	android:name
		ADDED from workspace_neon\Ondefoimesmo\AndroidManifest.xml:26:15-62
activity#telas.Main
ADDED from workspace_neon\Ondefoimesmo\AndroidManifest.xml:29:3-50
	android:name
		ADDED from workspace_neon\Ondefoimesmo\AndroidManifest.xml:29:13-38
activity#telas.LembreteCadastrarActivity
ADDED from workspace_neon\Ondefoimesmo\AndroidManifest.xml:30:3-71
	android:name
		ADDED from workspace_neon\Ondefoimesmo\AndroidManifest.xml:30:13-59
activity#telas.LembreteAlterarActivity
ADDED from workspace_neon\Ondefoimesmo\AndroidManifest.xml:31:3-69
	android:name
		ADDED from workspace_neon\Ondefoimesmo\AndroidManifest.xml:31:13-57
activity#telas.LembreteListarActivity
ADDED from workspace_neon\Ondefoimesmo\AndroidManifest.xml:32:3-68
	android:name
		ADDED from workspace_neon\Ondefoimesmo\AndroidManifest.xml:32:13-56
activity#gps.Maps
ADDED from workspace_neon\Ondefoimesmo\AndroidManifest.xml:33:3-48
	android:name
		ADDED from workspace_neon\Ondefoimesmo\AndroidManifest.xml:33:13-36
activity#gps.GpsMapsPointers
ADDED from workspace_neon\Ondefoimesmo\AndroidManifest.xml:34:3-59
	android:name
		ADDED from workspace_neon\Ondefoimesmo\AndroidManifest.xml:34:13-47
activity#camera.CameraActivity
ADDED from workspace_neon\Ondefoimesmo\AndroidManifest.xml:35:3-99
	android:screenOrientation
		ADDED from workspace_neon\Ondefoimesmo\AndroidManifest.xml:35:50-87
	android:name
		ADDED from workspace_neon\Ondefoimesmo\AndroidManifest.xml:35:13-49
activity#com.google.android.gms.ads.AdActivity
ADDED from [com.google.android.gms:play-services-ads-lite:9.2.1] AndroidManifest.xml:26:9-29:64
	android:configChanges
		ADDED from [com.google.android.gms:play-services-ads-lite:9.2.1] AndroidManifest.xml:28:13-122
	android:theme
		ADDED from [com.google.android.gms:play-services-ads-lite:9.2.1] AndroidManifest.xml:29:13-61
	android:name
		ADDED from [com.google.android.gms:play-services-ads-lite:9.2.1] AndroidManifest.xml:27:13-65
activity#com.google.android.gms.ads.purchase.InAppPurchaseActivity
ADDED from [com.google.android.gms:play-services-ads-lite:9.2.1] AndroidManifest.xml:30:9-31:52
	android:theme
		ADDED from [com.google.android.gms:play-services-ads-lite:9.2.1] AndroidManifest.xml:31:13-50
	android:name
		ADDED from [com.google.android.gms:play-services-ads-lite:9.2.1] AndroidManifest.xml:30:19-91
uses-permission#android.permission.WAKE_LOCK
ADDED from [com.google.android.gms:play-services-analytics:9.2.1] AndroidManifest.xml:25:5-67
MERGED from [com.google.android.gms:play-services-analytics-impl:9.2.1] AndroidManifest.xml:25:5-67
MERGED from [com.google.firebase:firebase-analytics:9.2.1] AndroidManifest.xml:24:5-67
MERGED from [com.google.firebase:firebase-analytics-impl:9.2.1] AndroidManifest.xml:24:5-67
MERGED from [com.google.firebase:firebase-iid:9.2.1] AndroidManifest.xml:22:5-68
	android:name
		ADDED from [com.google.android.gms:play-services-analytics:9.2.1] AndroidManifest.xml:25:22-65
activity#com.google.android.gms.appinvite.PreviewActivity
ADDED from [com.google.android.gms:play-services-appinvite:9.2.1] AndroidManifest.xml:21:9-29:20
	android:exported
		ADDED from [com.google.android.gms:play-services-appinvite:9.2.1] AndroidManifest.xml:23:17-40
	android:theme
		ADDED from [com.google.android.gms:play-services-appinvite:9.2.1] AndroidManifest.xml:24:17-63
	android:name
		ADDED from [com.google.android.gms:play-services-appinvite:9.2.1] AndroidManifest.xml:22:17-48
intent-filter#android.intent.category.DEFAULT+com.google.android.gms.appinvite.ACTION_PREVIEW
ADDED from [com.google.android.gms:play-services-appinvite:9.2.1] AndroidManifest.xml:25:13-28:29
action#com.google.android.gms.appinvite.ACTION_PREVIEW
ADDED from [com.google.android.gms:play-services-appinvite:9.2.1] AndroidManifest.xml:26:17-89
	android:name
		ADDED from [com.google.android.gms:play-services-appinvite:9.2.1] AndroidManifest.xml:26:25-87
category#android.intent.category.DEFAULT
ADDED from [com.google.android.gms:play-services-appinvite:9.2.1] AndroidManifest.xml:27:17-75
	android:name
		ADDED from [com.google.android.gms:play-services-appinvite:9.2.1] AndroidManifest.xml:27:27-73
receiver#com.google.android.gms.cast.framework.media.MediaIntentReceiver
ADDED from [com.google.android.gms:play-services-cast-framework:9.2.1] AndroidManifest.xml:6:9-100
	android:name
		ADDED from [com.google.android.gms:play-services-cast-framework:9.2.1] AndroidManifest.xml:6:19-97
service#com.google.android.gms.cast.framework.media.MediaNotificationService
ADDED from [com.google.android.gms:play-services-cast-framework:9.2.1] AndroidManifest.xml:7:9-104
	android:name
		ADDED from [com.google.android.gms:play-services-cast-framework:9.2.1] AndroidManifest.xml:7:18-101
service#com.google.android.gms.cast.framework.ReconnectionService
ADDED from [com.google.android.gms:play-services-cast-framework:9.2.1] AndroidManifest.xml:8:9-92
	android:name
		ADDED from [com.google.android.gms:play-services-cast-framework:9.2.1] AndroidManifest.xml:8:18-90
service#com.google.firebase.crash.internal.service.FirebaseCrashReceiverService
ADDED from [com.google.firebase:firebase-crash:9.2.1] AndroidManifest.xml:26:9-27:50
	android:process
		ADDED from [com.google.firebase:firebase-crash:9.2.1] AndroidManifest.xml:27:13-48
	android:name
		ADDED from [com.google.firebase:firebase-crash:9.2.1] AndroidManifest.xml:26:18-79
service#com.google.firebase.crash.internal.service.FirebaseCrashSenderService
ADDED from [com.google.firebase:firebase-crash:9.2.1] AndroidManifest.xml:29:9-30:50
	android:process
		ADDED from [com.google.firebase:firebase-crash:9.2.1] AndroidManifest.xml:30:13-48
	android:name
		ADDED from [com.google.firebase:firebase-crash:9.2.1] AndroidManifest.xml:29:18-77
service#com.google.firebase.messaging.FirebaseMessagingService
ADDED from [com.google.firebase:firebase-messaging:9.2.1] AndroidManifest.xml:24:9-30:19
	android:exported
		ADDED from [com.google.firebase:firebase-messaging:9.2.1] AndroidManifest.xml:26:13-36
	android:name
		ADDED from [com.google.firebase:firebase-messaging:9.2.1] AndroidManifest.xml:25:13-82
intent-filter#com.google.firebase.MESSAGING_EVENT
ADDED from [com.google.firebase:firebase-messaging:9.2.1] AndroidManifest.xml:27:13-29:29
	android:priority
		ADDED from [com.google.firebase:firebase-messaging:9.2.1] AndroidManifest.xml:27:28-51
action#com.google.firebase.MESSAGING_EVENT
ADDED from [com.google.firebase:firebase-messaging:9.2.1] AndroidManifest.xml:28:17-78
	android:name
		ADDED from [com.google.firebase:firebase-messaging:9.2.1] AndroidManifest.xml:28:25-75
uses-permission#com.google.android.c2dm.permission.RECEIVE
ADDED from [com.google.android.gms:play-services-gcm:9.2.1] AndroidManifest.xml:21:5-82
MERGED from [com.google.android.gms:play-services-iid:9.2.1] AndroidManifest.xml:21:5-82
MERGED from [com.google.firebase:firebase-iid:9.2.1] AndroidManifest.xml:23:5-82
	android:name
		ADDED from [com.google.android.gms:play-services-gcm:9.2.1] AndroidManifest.xml:21:22-79
service#com.google.android.gms.tagmanager.TagManagerService
ADDED from [com.google.android.gms:play-services-tagmanager-api:9.2.1] AndroidManifest.xml:25:9-27:42
	android:enabled
		ADDED from [com.google.android.gms:play-services-tagmanager-api:9.2.1] AndroidManifest.xml:27:17-39
	android:exported
		ADDED from [com.google.android.gms:play-services-tagmanager-api:9.2.1] AndroidManifest.xml:26:17-41
	android:name
		ADDED from [com.google.android.gms:play-services-tagmanager-api:9.2.1] AndroidManifest.xml:25:18-84
activity#com.google.android.gms.tagmanager.TagManagerPreviewActivity
ADDED from [com.google.android.gms:play-services-tagmanager-api:9.2.1] AndroidManifest.xml:28:9-37:20
	android:noHistory
		ADDED from [com.google.android.gms:play-services-tagmanager-api:9.2.1] AndroidManifest.xml:30:13-37
	android:name
		ADDED from [com.google.android.gms:play-services-tagmanager-api:9.2.1] AndroidManifest.xml:29:13-87
intent-filter#android.intent.action.VIEW+android.intent.category.BROWSABLE+android.intent.category.DEFAULT
ADDED from [com.google.android.gms:play-services-tagmanager-api:9.2.1] AndroidManifest.xml:31:13-36:29
data
ADDED from [com.google.android.gms:play-services-tagmanager-api:9.2.1] AndroidManifest.xml:32:17-72
	android:scheme
		ADDED from [com.google.android.gms:play-services-tagmanager-api:9.2.1] AndroidManifest.xml:32:23-69
		INJECTED from workspace_neon\Ondefoimesmo\AndroidManifest.xml
action#android.intent.action.VIEW
ADDED from [com.google.android.gms:play-services-tagmanager-api:9.2.1] AndroidManifest.xml:33:17-69
	android:name
		ADDED from [com.google.android.gms:play-services-tagmanager-api:9.2.1] AndroidManifest.xml:33:25-66
category#android.intent.category.BROWSABLE
ADDED from [com.google.android.gms:play-services-tagmanager-api:9.2.1] AndroidManifest.xml:35:17-77
	android:name
		ADDED from [com.google.android.gms:play-services-tagmanager-api:9.2.1] AndroidManifest.xml:35:27-75
uses-feature#0x00020000
ADDED from [com.google.android.gms:play-services-maps:9.2.1] AndroidManifest.xml:22:5-24:33
	android:glEsVersion
		ADDED from [com.google.android.gms:play-services-maps:9.2.1] AndroidManifest.xml:23:8-40
	android:required
		ADDED from [com.google.android.gms:play-services-maps:9.2.1] AndroidManifest.xml:24:8-31
activity#com.google.android.gms.auth.api.signin.internal.SignInHubActivity
ADDED from [com.google.android.gms:play-services-auth:9.2.1] AndroidManifest.xml:21:9-24:46
	android:excludeFromRecents
		ADDED from [com.google.android.gms:play-services-auth:9.2.1] AndroidManifest.xml:23:19-52
	android:exported
		ADDED from [com.google.android.gms:play-services-auth:9.2.1] AndroidManifest.xml:24:19-43
	android:theme
		ADDED from [com.google.android.gms:play-services-auth:9.2.1] AndroidManifest.xml:22:19-78
	android:name
		ADDED from [com.google.android.gms:play-services-auth:9.2.1] AndroidManifest.xml:21:19-68
service#com.google.android.gms.auth.api.signin.RevocationBoundService
ADDED from [com.google.android.gms:play-services-auth:9.2.1] AndroidManifest.xml:28:9-31:110
	android:exported
		ADDED from [com.google.android.gms:play-services-auth:9.2.1] AndroidManifest.xml:30:13-36
	android:permission
		ADDED from [com.google.android.gms:play-services-auth:9.2.1] AndroidManifest.xml:31:13-107
	android:name
		ADDED from [com.google.android.gms:play-services-auth:9.2.1] AndroidManifest.xml:29:13-58
activity#com.google.android.gms.common.api.GoogleApiActivity
ADDED from [com.google.android.gms:play-services-base:9.2.1] AndroidManifest.xml:20:9-22:45
	android:exported
		ADDED from [com.google.android.gms:play-services-base:9.2.1] AndroidManifest.xml:22:19-43
	android:theme
		ADDED from [com.google.android.gms:play-services-base:9.2.1] AndroidManifest.xml:21:19-78
	android:name
		ADDED from [com.google.android.gms:play-services-base:9.2.1] AndroidManifest.xml:20:19-85
receiver#com.google.android.gms.measurement.AppMeasurementReceiver
ADDED from [com.google.firebase:firebase-analytics:9.2.1] AndroidManifest.xml:28:7-34:18
MERGED from [com.google.firebase:firebase-analytics-impl:9.2.1] AndroidManifest.xml:28:7-34:18
	android:enabled
		ADDED from [com.google.firebase:firebase-analytics:9.2.1] AndroidManifest.xml:30:11-33
	android:name
		ADDED from [com.google.firebase:firebase-analytics:9.2.1] AndroidManifest.xml:29:11-83
intent-filter#com.google.android.gms.measurement.UPLOAD
ADDED from [com.google.firebase:firebase-analytics:9.2.1] AndroidManifest.xml:31:9-33:25
action#com.google.android.gms.measurement.UPLOAD
ADDED from [com.google.firebase:firebase-analytics:9.2.1] AndroidManifest.xml:32:11-77
	android:name
		ADDED from [com.google.firebase:firebase-analytics:9.2.1] AndroidManifest.xml:32:19-75
service#com.google.android.gms.measurement.AppMeasurementService
ADDED from [com.google.firebase:firebase-analytics:9.2.1] AndroidManifest.xml:36:7-39:37
MERGED from [com.google.firebase:firebase-analytics-impl:9.2.1] AndroidManifest.xml:36:7-39:37
	android:enabled
		ADDED from [com.google.firebase:firebase-analytics:9.2.1] AndroidManifest.xml:38:11-33
	android:exported
		ADDED from [com.google.firebase:firebase-analytics:9.2.1] AndroidManifest.xml:39:11-35
	android:name
		ADDED from [com.google.firebase:firebase-analytics:9.2.1] AndroidManifest.xml:37:11-82
permission#${applicationId}.permission.C2D_MESSAGE
ADDED from [com.google.firebase:firebase-iid:9.2.1] AndroidManifest.xml:25:5-26:47
	android:protectionLevel
		ADDED from [com.google.firebase:firebase-iid:9.2.1] AndroidManifest.xml:26:9-44
	android:name
		ADDED from [com.google.firebase:firebase-iid:9.2.1] AndroidManifest.xml:25:17-71
		INJECTED from workspace_neon\Ondefoimesmo\AndroidManifest.xml
uses-permission#${applicationId}.permission.C2D_MESSAGE
ADDED from [com.google.firebase:firebase-iid:9.2.1] AndroidManifest.xml:28:5-79
	android:name
		ADDED from [com.google.firebase:firebase-iid:9.2.1] AndroidManifest.xml:28:22-76
		INJECTED from workspace_neon\Ondefoimesmo\AndroidManifest.xml
receiver#com.google.firebase.iid.FirebaseInstanceIdReceiver
ADDED from [com.google.firebase:firebase-iid:9.2.1] AndroidManifest.xml:32:9-41:20
	android:exported
		ADDED from [com.google.firebase:firebase-iid:9.2.1] AndroidManifest.xml:34:13-36
	android:permission
		ADDED from [com.google.firebase:firebase-iid:9.2.1] AndroidManifest.xml:35:13-73
	android:name
		ADDED from [com.google.firebase:firebase-iid:9.2.1] AndroidManifest.xml:33:13-78
intent-filter#${applicationId}+com.google.android.c2dm.intent.RECEIVE+com.google.android.c2dm.intent.REGISTRATION
ADDED from [com.google.firebase:firebase-iid:9.2.1] AndroidManifest.xml:36:13-40:29
action#com.google.android.c2dm.intent.RECEIVE
ADDED from [com.google.firebase:firebase-iid:9.2.1] AndroidManifest.xml:37:17-81
	android:name
		ADDED from [com.google.firebase:firebase-iid:9.2.1] AndroidManifest.xml:37:25-78
action#com.google.android.c2dm.intent.REGISTRATION
ADDED from [com.google.firebase:firebase-iid:9.2.1] AndroidManifest.xml:38:17-86
	android:name